<?xml version="1.0" encoding="UTF-8"?>
<testsuite xmlns:xsi="http://www.w3.org/2001/XMLSchema-instance" xsi:noNamespaceSchemaLocation="https://maven.apache.org/surefire/maven-surefire-plugin/xsd/surefire-test-report-3.0.xsd" version="3.0" name="TP.myapp.AwesomePasswordCheckerTest" time="0.174" tests="9" errors="0" skipped="0" failures="0">
  <properties>
[...]
</properties>
  <testcase name="getDistance" classname="TP.myapp.AwesomePasswordCheckerTest" time="0.073"/>
  <testcase name="testGetInstanceWithFile" classname="TP.myapp.AwesomePasswordCheckerTest" time="0.003"/>
  <testcase name="testComputeMD5" classname="TP.myapp.AwesomePasswordCheckerTest" time="0.003"/>
  <testcase name="testGetInstanceWithoutFile" classname="TP.myapp.AwesomePasswordCheckerTest" time="0.002"/>
  <testcase name="testMaskAff" classname="TP.myapp.AwesomePasswordCheckerTest" time="0.002"/>
  <testcase name="maskAffTest" classname="TP.myapp.AwesomePasswordCheckerTest" time="0.005"/>
  <testcase name="MD5HasherTest" classname="TP.myapp.AwesomePasswordCheckerTest" time="0.001"/>
  <testcase name="testEuclideanDistance" classname="TP.myapp.AwesomePasswordCheckerTest" time="0.002"/>
  <testcase name="testGetDistance" classname="TP.myapp.AwesomePasswordCheckerTest" time="0.002"/>
</testsuite>